2023-07-07T12:44:07,187  INFO 2884 --- [           main] c.t.d.t.ToeicExamApplication             : Starting ToeicExamApplication v0.0.1-SNAPSHOT using Java 17.0.7 with PID 2884 (E:\Specialized Project\Clone-Toeic-Testpro\Backend\ToeicExam-0.0.1-SNAPSHOT.jar started by ADMIN in E:\Specialized Project\Clone-Toeic-Testpro\Backend)
2023-07-07T12:44:07,200  INFO 2884 --- [           main] c.t.d.t.ToeicExamApplication             : No active profile set, falling back to 1 default profile: "default"
2023-07-07T12:44:08,137  INFO 2884 --- [           main] .s.d.r.c.RepositoryConfigurationDelegate : Bootstrapping Spring Data MongoDB repositories in DEFAULT mode.
2023-07-07T12:44:08,237  INFO 2884 --- [           main] .s.d.r.c.RepositoryConfigurationDelegate : Finished Spring Data repository scanning in 94 ms. Found 2 MongoDB repository interfaces.
2023-07-07T12:44:09,158  INFO 2884 --- [           main] o.s.b.w.e.t.TomcatWebServer              : Tomcat initialized with port(s): 8080 (http)
2023-07-07T12:44:09,177  INFO 2884 --- [           main] o.a.c.h.Http11NioProtocol                : Initializing ProtocolHandler ["http-nio-8080"]
2023-07-07T12:44:09,180  INFO 2884 --- [           main] o.a.c.c.StandardService                  : Starting service [Tomcat]
2023-07-07T12:44:09,181  INFO 2884 --- [           main] o.a.c.c.StandardEngine                   : Starting Servlet engine: [Apache Tomcat/10.1.8]
2023-07-07T12:44:09,331  INFO 2884 --- [           main] o.a.c.c.C.[.[.[/]                        : Initializing Spring embedded WebApplicationContext
2023-07-07T12:44:09,336  INFO 2884 --- [           main] w.s.c.ServletWebServerApplicationContext : Root WebApplicationContext: initialization completed in 2059 ms
2023-07-07T12:44:09,718  INFO 2884 --- [           main] o.m.d.client                             : MongoClient with metadata {"driver": {"name": "mongo-java-driver|sync|spring-boot", "version": "4.9.1"}, "os": {"type": "Windows", "name": "Windows 11", "architecture": "amd64", "version": "10.0"}, "platform": "Java/Eclipse Adoptium/17.0.7+7"} created with settings MongoClientSettings{readPreference=primary, writeConcern=WriteConcern{w=majority, wTimeout=null ms, journal=null}, retryWrites=true, retryReads=true, readConcern=ReadConcern{level=null}, credential=MongoCredential{mechanism=null, userName='vtronghieu', source='admin', password=<hidden>, mechanismProperties=<hidden>}, streamFactoryFactory=null, commandListeners=[], codecRegistry=ProvidersCodecRegistry{codecProviders=[ValueCodecProvider{}, BsonValueCodecProvider{}, DBRefCodecProvider{}, DBObjectCodecProvider{}, DocumentCodecProvider{}, CollectionCodecProvider{}, IterableCodecProvider{}, MapCodecProvider{}, GeoJsonCodecProvider{}, GridFSFileCodecProvider{}, Jsr310CodecProvider{}, JsonObjectCodecProvider{}, BsonCodecProvider{}, EnumCodecProvider{}, com.mongodb.client.model.mql.ExpressionCodecProvider@7e8e8651, com.mongodb.Jep395RecordCodecProvider@49ef32e0]}, loggerSettings=LoggerSettings{maxDocumentLength=1000}, clusterSettings={hosts=[127.0.0.1:27017], srvHost=cluster0.bz5smxn.mongodb.net, srvServiceName=mongodb, mode=MULTIPLE, requiredClusterType=REPLICA_SET, requiredReplicaSetName='atlas-exh0f3-shard-0', serverSelector='null', clusterListeners='[]', serverSelectionTimeout='30000 ms', localThreshold='30000 ms'}, socketSettings=SocketSettings{connectTimeoutMS=10000, readTimeoutMS=0, receiveBufferSize=0, sendBufferSize=0}, heartbeatSocketSettings=SocketSettings{connectTimeoutMS=10000, readTimeoutMS=10000, receiveBufferSize=0, sendBufferSize=0}, connectionPoolSettings=ConnectionPoolSettings{maxSize=100, minSize=0, maxWaitTimeMS=120000, maxConnectionLifeTimeMS=0, maxConnectionIdleTimeMS=0, maintenanceInitialDelayMS=0, maintenanceFrequencyMS=60000, connectionPoolListeners=[], maxConnecting=2}, serverSettings=ServerSettings{heartbeatFrequencyMS=10000, minHeartbeatFrequencyMS=500, serverListeners='[]', serverMonitorListeners='[]'}, sslSettings=SslSettings{enabled=true, invalidHostNameAllowed=false, context=null}, applicationName='null', compressorList=[], uuidRepresentation=JAVA_LEGACY, serverApi=null, autoEncryptionSettings=null, contextProvider=null}
2023-07-07T12:44:09,872  INFO 2884 --- [mxn.mongodb.net] o.m.d.cluster                            : Adding discovered server ac-dafmvbd-shard-00-02.bz5smxn.mongodb.net:27017 to client view of cluster
2023-07-07T12:44:09,922  INFO 2884 --- [mxn.mongodb.net] o.m.d.cluster                            : Adding discovered server ac-dafmvbd-shard-00-00.bz5smxn.mongodb.net:27017 to client view of cluster
2023-07-07T12:44:09,924  INFO 2884 --- [mxn.mongodb.net] o.m.d.cluster                            : Adding discovered server ac-dafmvbd-shard-00-01.bz5smxn.mongodb.net:27017 to client view of cluster
2023-07-07T12:44:11,465  INFO 2884 --- [           main] o.s.s.w.DefaultSecurityFilterChain       : Will secure any request with [org.springframework.security.web.session.DisableEncodeUrlFilter@5c748168, org.springframework.security.web.context.request.async.WebAsyncManagerIntegrationFilter@6441c486, org.springframework.security.web.context.SecurityContextHolderFilter@4e904fd5, org.springframework.security.web.header.HeaderWriterFilter@3daa82be, org.springframework.web.filter.CorsFilter@834831b, org.springframework.security.web.authentication.logout.LogoutFilter@7965a51c, com.tip.dg4.toeic_exam.config.JwtAuthFilter@4c98a6d5, org.springframework.security.web.savedrequest.RequestCacheAwareFilter@4cbf4f53, org.springframework.security.web.servletapi.SecurityContextHolderAwareRequestFilter@597f48df, org.springframework.security.web.authentication.AnonymousAuthenticationFilter@234a8f27, org.springframework.security.web.session.SessionManagementFilter@108bdbd8, org.springframework.security.web.access.ExceptionTranslationFilter@5c0f79f0, org.springframework.security.web.access.intercept.AuthorizationFilter@1e54cb33]
2023-07-07T12:44:11,723  INFO 2884 --- [           main] o.a.c.h.Http11NioProtocol                : Starting ProtocolHandler ["http-nio-8080"]
2023-07-07T12:44:11,743  INFO 2884 --- [           main] o.s.b.w.e.t.TomcatWebServer              : Tomcat started on port(s): 8080 (http) with context path ''
2023-07-07T12:44:11,756  INFO 2884 --- [           main] c.t.d.t.ToeicExamApplication             : Started ToeicExamApplication in 5.07 seconds (process running for 6.301)
2023-07-07T12:44:13,922  INFO 2884 --- [ngodb.net:27017] o.m.d.cluster                            : Monitor thread successfully connected to server with description ServerDescription{address=ac-dafmvbd-shard-00-00.bz5smxn.mongodb.net:27017, type=REPLICA_SET_SECONDARY, state=CONNECTED, ok=true, minWireVersion=0, maxWireVersion=17, maxDocumentSize=16777216, logicalSessionTimeoutMinutes=30, roundTripTimeNanos=3603461900, setName='atlas-exh0f3-shard-0', canonicalAddress=ac-dafmvbd-shard-00-00.bz5smxn.mongodb.net:27017, hosts=[ac-dafmvbd-shard-00-00.bz5smxn.mongodb.net:27017, ac-dafmvbd-shard-00-01.bz5smxn.mongodb.net:27017, ac-dafmvbd-shard-00-02.bz5smxn.mongodb.net:27017], passives=[], arbiters=[], primary='ac-dafmvbd-shard-00-01.bz5smxn.mongodb.net:27017', tagSet=TagSet{[Tag{name='nodeType', value='ELECTABLE'}, Tag{name='provider', value='GCP'}, Tag{name='region', value='ASIA_SOUTH_1'}, Tag{name='workloadType', value='OPERATIONAL'}]}, electionId=null, setVersion=3, topologyVersion=TopologyVersion{processId=64637f1b7d69a40e609c8264, counter=4}, lastWriteDate=Fri Jul 07 12:44:14 ICT 2023, lastUpdateTimeNanos=864855052300}
2023-07-07T12:44:13,922  INFO 2884 --- [ngodb.net:27017] o.m.d.cluster                            : Monitor thread successfully connected to server with description ServerDescription{address=ac-dafmvbd-shard-00-01.bz5smxn.mongodb.net:27017, type=REPLICA_SET_PRIMARY, state=CONNECTED, ok=true, minWireVersion=0, maxWireVersion=17, maxDocumentSize=16777216, logicalSessionTimeoutMinutes=30, roundTripTimeNanos=3600955900, setName='atlas-exh0f3-shard-0', canonicalAddress=ac-dafmvbd-shard-00-01.bz5smxn.mongodb.net:27017, hosts=[ac-dafmvbd-shard-00-00.bz5smxn.mongodb.net:27017, ac-dafmvbd-shard-00-01.bz5smxn.mongodb.net:27017, ac-dafmvbd-shard-00-02.bz5smxn.mongodb.net:27017], passives=[], arbiters=[], primary='ac-dafmvbd-shard-00-01.bz5smxn.mongodb.net:27017', tagSet=TagSet{[Tag{name='nodeType', value='ELECTABLE'}, Tag{name='provider', value='GCP'}, Tag{name='region', value='ASIA_SOUTH_1'}, Tag{name='workloadType', value='OPERATIONAL'}]}, electionId=7fffffff0000000000000055, setVersion=3, topologyVersion=TopologyVersion{processId=64637f6dd0bef16306970a56, counter=6}, lastWriteDate=Fri Jul 07 12:44:14 ICT 2023, lastUpdateTimeNanos=864855052200}
2023-07-07T12:44:13,922  INFO 2884 --- [ngodb.net:27017] o.m.d.cluster                            : Monitor thread successfully connected to server with description ServerDescription{address=ac-dafmvbd-shard-00-02.bz5smxn.mongodb.net:27017, type=REPLICA_SET_SECONDARY, state=CONNECTED, ok=true, minWireVersion=0, maxWireVersion=17, maxDocumentSize=16777216, logicalSessionTimeoutMinutes=30, roundTripTimeNanos=3602219300, setName='atlas-exh0f3-shard-0', canonicalAddress=ac-dafmvbd-shard-00-02.bz5smxn.mongodb.net:27017, hosts=[ac-dafmvbd-shard-00-00.bz5smxn.mongodb.net:27017, ac-dafmvbd-shard-00-01.bz5smxn.mongodb.net:27017, ac-dafmvbd-shard-00-02.bz5smxn.mongodb.net:27017], passives=[], arbiters=[], primary='ac-dafmvbd-shard-00-01.bz5smxn.mongodb.net:27017', tagSet=TagSet{[Tag{name='nodeType', value='ELECTABLE'}, Tag{name='provider', value='GCP'}, Tag{name='region', value='ASIA_SOUTH_1'}, Tag{name='workloadType', value='OPERATIONAL'}]}, electionId=null, setVersion=3, topologyVersion=TopologyVersion{processId=64637fbf3c00c2f29de3797a, counter=3}, lastWriteDate=Fri Jul 07 12:44:14 ICT 2023, lastUpdateTimeNanos=864855052300}
2023-07-07T12:44:13,932  INFO 2884 --- [ngodb.net:27017] o.m.d.cluster                            : Discovered replica set primary ac-dafmvbd-shard-00-01.bz5smxn.mongodb.net:27017 with max election id 7fffffff0000000000000055 and max set version 3
2023-07-07T12:44:19,805  INFO 2884 --- [nio-8080-exec-2] o.a.c.c.C.[.[.[/]                        : Initializing Spring DispatcherServlet 'dispatcherServlet'
2023-07-07T12:44:19,806  INFO 2884 --- [nio-8080-exec-2] o.s.w.s.DispatcherServlet                : Initializing Servlet 'dispatcherServlet'
2023-07-07T12:44:19,831  INFO 2884 --- [nio-8080-exec-2] o.s.w.s.DispatcherServlet                : Completed initialization in 25 ms
2023-07-07T13:41:27,217  INFO 2884 --- [ngodb.net:27017] o.m.d.cluster                            : Exception in monitor thread while connecting to server ac-dafmvbd-shard-00-00.bz5smxn.mongodb.net:27017
com.mongodb.MongoSocketReadTimeoutException: Timeout while receiving message
	at com.mongodb.internal.connection.InternalStreamConnection.translateReadException(InternalStreamConnection.java:718) ~[mongodb-driver-core-4.9.1.jar!/:?]
	at com.mongodb.internal.connection.InternalStreamConnection.receiveMessageWithAdditionalTimeout(InternalStreamConnection.java:599) ~[mongodb-driver-core-4.9.1.jar!/:?]
	at com.mongodb.internal.connection.InternalStreamConnection.receiveCommandMessageResponse(InternalStreamConnection.java:440) ~[mongodb-driver-core-4.9.1.jar!/:?]
	at com.mongodb.internal.connection.InternalStreamConnection.receive(InternalStreamConnection.java:397) ~[mongodb-driver-core-4.9.1.jar!/:?]
	at com.mongodb.internal.connection.DefaultServerMonitor$ServerMonitorRunnable.lookupServerDescription(DefaultServerMonitor.java:227) [mongodb-driver-core-4.9.1.jar!/:?]
	at com.mongodb.internal.connection.DefaultServerMonitor$ServerMonitorRunnable.run(DefaultServerMonitor.java:159) [mongodb-driver-core-4.9.1.jar!/:?]
	at java.lang.Thread.run(Thread.java:833) [?:?]
Caused by: java.net.SocketTimeoutException: Read timed out
	at sun.nio.ch.NioSocketImpl.timedRead(NioSocketImpl.java:283) ~[?:?]
	at sun.nio.ch.NioSocketImpl.implRead(NioSocketImpl.java:309) ~[?:?]
	at sun.nio.ch.NioSocketImpl.read(NioSocketImpl.java:350) ~[?:?]
	at sun.nio.ch.NioSocketImpl$1.read(NioSocketImpl.java:803) ~[?:?]
	at java.net.Socket$SocketInputStream.read(Socket.java:966) ~[?:?]
	at sun.security.ssl.SSLSocketInputRecord.read(SSLSocketInputRecord.java:484) ~[?:?]
	at sun.security.ssl.SSLSocketInputRecord.readHeader(SSLSocketInputRecord.java:478) ~[?:?]
	at sun.security.ssl.SSLSocketInputRecord.bytesInCompletePacket(SSLSocketInputRecord.java:70) ~[?:?]
	at sun.security.ssl.SSLSocketImpl.readApplicationRecord(SSLSocketImpl.java:1465) ~[?:?]
	at sun.security.ssl.SSLSocketImpl$AppInputStream.read(SSLSocketImpl.java:1069) ~[?:?]
	at com.mongodb.internal.connection.SocketStream.read(SocketStream.java:113) ~[mongodb-driver-core-4.9.1.jar!/:?]
	at com.mongodb.internal.connection.SocketStream.read(SocketStream.java:138) ~[mongodb-driver-core-4.9.1.jar!/:?]
	at com.mongodb.internal.connection.InternalStreamConnection.receiveResponseBuffers(InternalStreamConnection.java:735) ~[mongodb-driver-core-4.9.1.jar!/:?]
	at com.mongodb.internal.connection.InternalStreamConnection.receiveMessageWithAdditionalTimeout(InternalStreamConnection.java:596) ~[mongodb-driver-core-4.9.1.jar!/:?]
	... 5 more
2023-07-07T13:41:27,217  INFO 2884 --- [ngodb.net:27017] o.m.d.cluster                            : Exception in monitor thread while connecting to server ac-dafmvbd-shard-00-02.bz5smxn.mongodb.net:27017
com.mongodb.MongoSocketReadTimeoutException: Timeout while receiving message
	at com.mongodb.internal.connection.InternalStreamConnection.translateReadException(InternalStreamConnection.java:718) ~[mongodb-driver-core-4.9.1.jar!/:?]
	at com.mongodb.internal.connection.InternalStreamConnection.receiveMessageWithAdditionalTimeout(InternalStreamConnection.java:599) ~[mongodb-driver-core-4.9.1.jar!/:?]
	at com.mongodb.internal.connection.InternalStreamConnection.receiveCommandMessageResponse(InternalStreamConnection.java:440) ~[mongodb-driver-core-4.9.1.jar!/:?]
	at com.mongodb.internal.connection.InternalStreamConnection.receive(InternalStreamConnection.java:397) ~[mongodb-driver-core-4.9.1.jar!/:?]
	at com.mongodb.internal.connection.DefaultServerMonitor$ServerMonitorRunnable.lookupServerDescription(DefaultServerMonitor.java:227) [mongodb-driver-core-4.9.1.jar!/:?]
	at com.mongodb.internal.connection.DefaultServerMonitor$ServerMonitorRunnable.run(DefaultServerMonitor.java:159) [mongodb-driver-core-4.9.1.jar!/:?]
	at java.lang.Thread.run(Thread.java:833) [?:?]
Caused by: java.net.SocketTimeoutException: Read timed out
	at sun.nio.ch.NioSocketImpl.timedRead(NioSocketImpl.java:283) ~[?:?]
	at sun.nio.ch.NioSocketImpl.implRead(NioSocketImpl.java:309) ~[?:?]
	at sun.nio.ch.NioSocketImpl.read(NioSocketImpl.java:350) ~[?:?]
	at sun.nio.ch.NioSocketImpl$1.read(NioSocketImpl.java:803) ~[?:?]
	at java.net.Socket$SocketInputStream.read(Socket.java:966) ~[?:?]
	at sun.security.ssl.SSLSocketInputRecord.read(SSLSocketInputRecord.java:484) ~[?:?]
	at sun.security.ssl.SSLSocketInputRecord.readHeader(SSLSocketInputRecord.java:478) ~[?:?]
	at sun.security.ssl.SSLSocketInputRecord.bytesInCompletePacket(SSLSocketInputRecord.java:70) ~[?:?]
	at sun.security.ssl.SSLSocketImpl.readApplicationRecord(SSLSocketImpl.java:1465) ~[?:?]
	at sun.security.ssl.SSLSocketImpl$AppInputStream.read(SSLSocketImpl.java:1069) ~[?:?]
	at com.mongodb.internal.connection.SocketStream.read(SocketStream.java:113) ~[mongodb-driver-core-4.9.1.jar!/:?]
	at com.mongodb.internal.connection.SocketStream.read(SocketStream.java:138) ~[mongodb-driver-core-4.9.1.jar!/:?]
	at com.mongodb.internal.connection.InternalStreamConnection.receiveResponseBuffers(InternalStreamConnection.java:735) ~[mongodb-driver-core-4.9.1.jar!/:?]
	at com.mongodb.internal.connection.InternalStreamConnection.receiveMessageWithAdditionalTimeout(InternalStreamConnection.java:596) ~[mongodb-driver-core-4.9.1.jar!/:?]
	... 5 more
2023-07-07T13:41:38,427  INFO 2884 --- [ngodb.net:27017] o.m.d.cluster                            : Exception in monitor thread while connecting to server ac-dafmvbd-shard-00-00.bz5smxn.mongodb.net:27017
com.mongodb.MongoSocketException: No such host is known (ac-dafmvbd-shard-00-00.bz5smxn.mongodb.net)
	at com.mongodb.ServerAddress.getSocketAddresses(ServerAddress.java:217) ~[mongodb-driver-core-4.9.1.jar!/:?]
	at com.mongodb.internal.connection.SocketStream.initializeSocket(SocketStream.java:78) ~[mongodb-driver-core-4.9.1.jar!/:?]
	at com.mongodb.internal.connection.SocketStream.open(SocketStream.java:68) ~[mongodb-driver-core-4.9.1.jar!/:?]
	at com.mongodb.internal.connection.InternalStreamConnection.open(InternalStreamConnection.java:204) ~[mongodb-driver-core-4.9.1.jar!/:?]
	at com.mongodb.internal.connection.DefaultServerMonitor$ServerMonitorRunnable.lookupServerDescription(DefaultServerMonitor.java:199) [mongodb-driver-core-4.9.1.jar!/:?]
	at com.mongodb.internal.connection.DefaultServerMonitor$ServerMonitorRunnable.run(DefaultServerMonitor.java:159) [mongodb-driver-core-4.9.1.jar!/:?]
	at java.lang.Thread.run(Thread.java:833) [?:?]
Caused by: java.net.UnknownHostException: No such host is known (ac-dafmvbd-shard-00-00.bz5smxn.mongodb.net)
	at java.net.Inet6AddressImpl.lookupAllHostAddr(Native Method) ~[?:?]
	at java.net.InetAddress$PlatformNameService.lookupAllHostAddr(InetAddress.java:934) ~[?:?]
	at java.net.InetAddress.getAddressesFromNameService(InetAddress.java:1543) ~[?:?]
	at java.net.InetAddress$NameServiceAddresses.get(InetAddress.java:852) ~[?:?]
	at java.net.InetAddress.getAllByName0(InetAddress.java:1533) ~[?:?]
	at java.net.InetAddress.getAllByName(InetAddress.java:1385) ~[?:?]
	at java.net.InetAddress.getAllByName(InetAddress.java:1306) ~[?:?]
	at com.mongodb.ServerAddress.getSocketAddresses(ServerAddress.java:209) ~[mongodb-driver-core-4.9.1.jar!/:?]
	... 6 more
2023-07-07T13:41:38,427  INFO 2884 --- [ngodb.net:27017] o.m.d.cluster                            : Exception in monitor thread while connecting to server ac-dafmvbd-shard-00-02.bz5smxn.mongodb.net:27017
com.mongodb.MongoSocketException: No such host is known (ac-dafmvbd-shard-00-02.bz5smxn.mongodb.net)
	at com.mongodb.ServerAddress.getSocketAddresses(ServerAddress.java:217) ~[mongodb-driver-core-4.9.1.jar!/:?]
	at com.mongodb.internal.connection.SocketStream.initializeSocket(SocketStream.java:78) ~[mongodb-driver-core-4.9.1.jar!/:?]
	at com.mongodb.internal.connection.SocketStream.open(SocketStream.java:68) ~[mongodb-driver-core-4.9.1.jar!/:?]
	at com.mongodb.internal.connection.InternalStreamConnection.open(InternalStreamConnection.java:204) ~[mongodb-driver-core-4.9.1.jar!/:?]
	at com.mongodb.internal.connection.DefaultServerMonitor$ServerMonitorRunnable.lookupServerDescription(DefaultServerMonitor.java:199) [mongodb-driver-core-4.9.1.jar!/:?]
	at com.mongodb.internal.connection.DefaultServerMonitor$ServerMonitorRunnable.run(DefaultServerMonitor.java:159) [mongodb-driver-core-4.9.1.jar!/:?]
	at java.lang.Thread.run(Thread.java:833) [?:?]
Caused by: java.net.UnknownHostException: No such host is known (ac-dafmvbd-shard-00-02.bz5smxn.mongodb.net)
	at java.net.Inet6AddressImpl.lookupAllHostAddr(Native Method) ~[?:?]
	at java.net.InetAddress$PlatformNameService.lookupAllHostAddr(InetAddress.java:934) ~[?:?]
	at java.net.InetAddress.getAddressesFromNameService(InetAddress.java:1543) ~[?:?]
	at java.net.InetAddress$NameServiceAddresses.get(InetAddress.java:852) ~[?:?]
	at java.net.InetAddress.getAllByName0(InetAddress.java:1533) ~[?:?]
	at java.net.InetAddress.getAllByName(InetAddress.java:1385) ~[?:?]
	at java.net.InetAddress.getAllByName(InetAddress.java:1306) ~[?:?]
	at com.mongodb.ServerAddress.getSocketAddresses(ServerAddress.java:209) ~[mongodb-driver-core-4.9.1.jar!/:?]
	... 6 more
2023-07-07T13:41:57,235  INFO 2884 --- [ngodb.net:27017] o.m.d.cluster                            : Exception in monitor thread while connecting to server ac-dafmvbd-shard-00-01.bz5smxn.mongodb.net:27017
com.mongodb.MongoSocketReadTimeoutException: Timeout while receiving message
	at com.mongodb.internal.connection.InternalStreamConnection.translateReadException(InternalStreamConnection.java:718) ~[mongodb-driver-core-4.9.1.jar!/:?]
	at com.mongodb.internal.connection.InternalStreamConnection.receiveMessageWithAdditionalTimeout(InternalStreamConnection.java:599) ~[mongodb-driver-core-4.9.1.jar!/:?]
	at com.mongodb.internal.connection.InternalStreamConnection.receiveCommandMessageResponse(InternalStreamConnection.java:440) ~[mongodb-driver-core-4.9.1.jar!/:?]
	at com.mongodb.internal.connection.InternalStreamConnection.receive(InternalStreamConnection.java:397) ~[mongodb-driver-core-4.9.1.jar!/:?]
	at com.mongodb.internal.connection.DefaultServerMonitor$ServerMonitorRunnable.lookupServerDescription(DefaultServerMonitor.java:227) [mongodb-driver-core-4.9.1.jar!/:?]
	at com.mongodb.internal.connection.DefaultServerMonitor$ServerMonitorRunnable.run(DefaultServerMonitor.java:159) [mongodb-driver-core-4.9.1.jar!/:?]
	at java.lang.Thread.run(Thread.java:833) [?:?]
Caused by: java.net.SocketTimeoutException: Read timed out
	at sun.nio.ch.NioSocketImpl.timedRead(NioSocketImpl.java:283) ~[?:?]
	at sun.nio.ch.NioSocketImpl.implRead(NioSocketImpl.java:309) ~[?:?]
	at sun.nio.ch.NioSocketImpl.read(NioSocketImpl.java:350) ~[?:?]
	at sun.nio.ch.NioSocketImpl$1.read(NioSocketImpl.java:803) ~[?:?]
	at java.net.Socket$SocketInputStream.read(Socket.java:966) ~[?:?]
	at sun.security.ssl.SSLSocketInputRecord.read(SSLSocketInputRecord.java:484) ~[?:?]
	at sun.security.ssl.SSLSocketInputRecord.readHeader(SSLSocketInputRecord.java:478) ~[?:?]
	at sun.security.ssl.SSLSocketInputRecord.bytesInCompletePacket(SSLSocketInputRecord.java:70) ~[?:?]
	at sun.security.ssl.SSLSocketImpl.readApplicationRecord(SSLSocketImpl.java:1465) ~[?:?]
	at sun.security.ssl.SSLSocketImpl$AppInputStream.read(SSLSocketImpl.java:1069) ~[?:?]
	at com.mongodb.internal.connection.SocketStream.read(SocketStream.java:113) ~[mongodb-driver-core-4.9.1.jar!/:?]
	at com.mongodb.internal.connection.SocketStream.read(SocketStream.java:138) ~[mongodb-driver-core-4.9.1.jar!/:?]
	at com.mongodb.internal.connection.InternalStreamConnection.receiveResponseBuffers(InternalStreamConnection.java:735) ~[mongodb-driver-core-4.9.1.jar!/:?]
	at com.mongodb.internal.connection.InternalStreamConnection.receiveMessageWithAdditionalTimeout(InternalStreamConnection.java:596) ~[mongodb-driver-core-4.9.1.jar!/:?]
	... 5 more
2023-07-07T13:41:59,942  INFO 2884 --- [ngodb.net:27017] o.m.d.cluster                            : Monitor thread successfully connected to server with description ServerDescription{address=ac-dafmvbd-shard-00-02.bz5smxn.mongodb.net:27017, type=REPLICA_SET_SECONDARY, state=CONNECTED, ok=true, minWireVersion=0, maxWireVersion=17, maxDocumentSize=16777216, logicalSessionTimeoutMinutes=30, roundTripTimeNanos=8261050400, setName='atlas-exh0f3-shard-0', canonicalAddress=ac-dafmvbd-shard-00-02.bz5smxn.mongodb.net:27017, hosts=[ac-dafmvbd-shard-00-00.bz5smxn.mongodb.net:27017, ac-dafmvbd-shard-00-01.bz5smxn.mongodb.net:27017, ac-dafmvbd-shard-00-02.bz5smxn.mongodb.net:27017], passives=[], arbiters=[], primary='ac-dafmvbd-shard-00-01.bz5smxn.mongodb.net:27017', tagSet=TagSet{[Tag{name='nodeType', value='ELECTABLE'}, Tag{name='provider', value='GCP'}, Tag{name='region', value='ASIA_SOUTH_1'}, Tag{name='workloadType', value='OPERATIONAL'}]}, electionId=null, setVersion=3, topologyVersion=TopologyVersion{processId=64637fbf3c00c2f29de3797a, counter=3}, lastWriteDate=Fri Jul 07 13:41:55 ICT 2023, lastUpdateTimeNanos=4330879157800}
2023-07-07T13:42:01,327  INFO 2884 --- [ngodb.net:27017] o.m.d.cluster                            : Monitor thread successfully connected to server with description ServerDescription{address=ac-dafmvbd-shard-00-00.bz5smxn.mongodb.net:27017, type=REPLICA_SET_SECONDARY, state=CONNECTED, ok=true, minWireVersion=0, maxWireVersion=17, maxDocumentSize=16777216, logicalSessionTimeoutMinutes=30, roundTripTimeNanos=9836051700, setName='atlas-exh0f3-shard-0', canonicalAddress=ac-dafmvbd-shard-00-00.bz5smxn.mongodb.net:27017, hosts=[ac-dafmvbd-shard-00-00.bz5smxn.mongodb.net:27017, ac-dafmvbd-shard-00-01.bz5smxn.mongodb.net:27017, ac-dafmvbd-shard-00-02.bz5smxn.mongodb.net:27017], passives=[], arbiters=[], primary='ac-dafmvbd-shard-00-01.bz5smxn.mongodb.net:27017', tagSet=TagSet{[Tag{name='nodeType', value='ELECTABLE'}, Tag{name='provider', value='GCP'}, Tag{name='region', value='ASIA_SOUTH_1'}, Tag{name='workloadType', value='OPERATIONAL'}]}, electionId=null, setVersion=3, topologyVersion=TopologyVersion{processId=64637f1b7d69a40e609c8264, counter=4}, lastWriteDate=Fri Jul 07 13:41:59 ICT 2023, lastUpdateTimeNanos=4332263170299}
2023-07-07T13:42:01,386  INFO 2884 --- [ngodb.net:27017] o.m.d.cluster                            : Monitor thread successfully connected to server with description ServerDescription{address=ac-dafmvbd-shard-00-01.bz5smxn.mongodb.net:27017, type=REPLICA_SET_PRIMARY, state=CONNECTED, ok=true, minWireVersion=0, maxWireVersion=17, maxDocumentSize=16777216, logicalSessionTimeoutMinutes=30, roundTripTimeNanos=1717049701, setName='atlas-exh0f3-shard-0', canonicalAddress=ac-dafmvbd-shard-00-01.bz5smxn.mongodb.net:27017, hosts=[ac-dafmvbd-shard-00-00.bz5smxn.mongodb.net:27017, ac-dafmvbd-shard-00-01.bz5smxn.mongodb.net:27017, ac-dafmvbd-shard-00-02.bz5smxn.mongodb.net:27017], passives=[], arbiters=[], primary='ac-dafmvbd-shard-00-01.bz5smxn.mongodb.net:27017', tagSet=TagSet{[Tag{name='nodeType', value='ELECTABLE'}, Tag{name='provider', value='GCP'}, Tag{name='region', value='ASIA_SOUTH_1'}, Tag{name='workloadType', value='OPERATIONAL'}]}, electionId=7fffffff0000000000000055, setVersion=3, topologyVersion=TopologyVersion{processId=64637f6dd0bef16306970a56, counter=6}, lastWriteDate=Fri Jul 07 13:42:01 ICT 2023, lastUpdateTimeNanos=4332323175499}
2023-07-07T13:42:01,391  INFO 2884 --- [ngodb.net:27017] o.m.d.cluster                            : Discovered replica set primary ac-dafmvbd-shard-00-01.bz5smxn.mongodb.net:27017 with max election id 7fffffff0000000000000055 and max set version 3
